Performing C SOURCE FILE Test CMAKE_HAVE_LIBC_PTHREAD failed with the following output:
Change Dir: /home/jianc/projects/cs393r_starter/cmake-build-debug/CMakeFiles/CMakeTmp

Run Build Command(s):/usr/bin/make cmTC_bf14a/fast && /usr/bin/make  -f CMakeFiles/cmTC_bf14a.dir/build.make CMakeFiles/cmTC_bf14a.dir/build
make[1]: Entering directory '/home/jianc/projects/cs393r_starter/cmake-build-debug/CMakeFiles/CMakeTmp'
Building C object CMakeFiles/cmTC_bf14a.dir/src.c.o
/usr/bin/cc   -DCMAKE_HAVE_LIBC_PTHREAD   -o CMakeFiles/cmTC_bf14a.dir/src.c.o   -c /home/jianc/projects/cs393r_starter/cmake-build-debug/CMakeFiles/CMakeTmp/src.c
Linking C executable cmTC_bf14a
/snap/clion/124/bin/cmake/linux/bin/cmake -E cmake_link_script CMakeFiles/cmTC_bf14a.dir/link.txt --verbose=1
/usr/bin/cc  -DCMAKE_HAVE_LIBC_PTHREAD    -rdynamic CMakeFiles/cmTC_bf14a.dir/src.c.o  -o cmTC_bf14a 
CMakeFiles/cmTC_bf14a.dir/src.c.o: In function `main':
src.c:(.text+0x3e): undefined reference to `pthread_create'
src.c:(.text+0x4a): undefined reference to `pthread_detach'
src.c:(.text+0x56): undefined reference to `pthread_cancel'
src.c:(.text+0x67): undefined reference to `pthread_join'
src.c:(.text+0x7b): undefined reference to `pthread_atfork'
collect2: error: ld returned 1 exit status
CMakeFiles/cmTC_bf14a.dir/build.make:106: recipe for target 'cmTC_bf14a' failed
make[1]: *** [cmTC_bf14a] Error 1
make[1]: Leaving directory '/home/jianc/projects/cs393r_starter/cmake-build-debug/CMakeFiles/CMakeTmp'
Makefile:141: recipe for target 'cmTC_bf14a/fast' failed
make: *** [cmTC_bf14a/fast] Error 2


Source file was:
#include <pthread.h>

void* test_func(void* data)
{
  return data;
}

int main(void)
{
  pthread_t thread;
  pthread_create(&thread, NULL, test_func, NULL);
  pthread_detach(thread);
  pthread_cancel(thread);
  pthread_join(thread, NULL);
  pthread_atfork(NULL, NULL, NULL);
  pthread_exit(NULL);

  return 0;
}

Determining if the function pthread_create exists in the pthreads failed with the following output:
Change Dir: /home/jianc/projects/cs393r_starter/cmake-build-debug/CMakeFiles/CMakeTmp

Run Build Command(s):/usr/bin/make cmTC_6e690/fast && /usr/bin/make  -f CMakeFiles/cmTC_6e690.dir/build.make CMakeFiles/cmTC_6e690.dir/build
make[1]: Entering directory '/home/jianc/projects/cs393r_starter/cmake-build-debug/CMakeFiles/CMakeTmp'
Building C object CMakeFiles/cmTC_6e690.dir/CheckFunctionExists.c.o
/usr/bin/cc   -DCHECK_FUNCTION_EXISTS=pthread_create   -o CMakeFiles/cmTC_6e690.dir/CheckFunctionExists.c.o   -c /snap/clion/124/bin/cmake/linux/share/cmake-3.17/Modules/CheckFunctionExists.c
Linking C executable cmTC_6e690
/snap/clion/124/bin/cmake/linux/bin/cmake -E cmake_link_script CMakeFiles/cmTC_6e690.dir/link.txt --verbose=1
/usr/bin/cc  -DCHECK_FUNCTION_EXISTS=pthread_create    -rdynamic CMakeFiles/cmTC_6e690.dir/CheckFunctionExists.c.o  -o cmTC_6e690  -lpthreads 
/usr/bin/ld: cannot find -lpthreads
collect2: error: ld returned 1 exit status
CMakeFiles/cmTC_6e690.dir/build.make:106: recipe for target 'cmTC_6e690' failed
make[1]: *** [cmTC_6e690] Error 1
make[1]: Leaving directory '/home/jianc/projects/cs393r_starter/cmake-build-debug/CMakeFiles/CMakeTmp'
Makefile:141: recipe for target 'cmTC_6e690/fast' failed
make: *** [cmTC_6e690/fast] Error 2



